<?xml version="1.0" encoding="UTF-8"?>
<Site BuildName="Linux-g++"
	BuildStamp="20241028-0425-Experimental"
	Name="544583c46097"
	Generator="ctest-3.30.4"
	CompilerName="/usr/lib/ccache/g++"
	CompilerVersion="11.4.0"
	OSName="Linux"
	Hostname="544583c46097"
	OSRelease="5.15.0-124-generic"
	OSVersion="#134~20.04.1-Ubuntu SMP Tue Oct 1 15:27:33 UTC 2024"
	OSPlatform="x86_64"
	Is64Bits="1"
	VendorString="GenuineIntel"
	VendorID="Intel Corporation"
	FamilyID="6"
	ModelID="78"
	ProcessorCacheSize="4096"
	NumberOfLogicalCPU="4"
	NumberOfPhysicalCPU="2"
	TotalVirtualMemory="2047"
	TotalPhysicalMemory="15880"
	LogicalProcessorsPerPhysical="2"
	ProcessorClockFrequency="2801"
	>
	<Testing>
		<StartDateTime>Oct 28 04:25 UTC</StartDateTime>
		<StartTestTime>1730089538</StartTestTime>
		<TestList/>
		<EndDateTime>Oct 28 04:25 UTC</EndDateTime>
		<EndTestTime>1730089538</EndTestTime>
		<ElapsedMinutes>0</ElapsedMinutes>
	</Testing>
</Site>
