<?xml version="1.0" encoding="UTF-8"?>
<Site BuildName="Linux-g++"
	BuildStamp="20241211-0811-Experimental"
	Name="544583c46097"
	Generator="ctest-3.30.4"
	CompilerName="/usr/lib/ccache/g++"
	CompilerVersion="11.4.0"
	OSName="Linux"
	Hostname="544583c46097"
	OSRelease="5.15.0-125-generic"
	OSVersion="#135~20.04.1-Ubuntu SMP Mon Oct 7 13:56:22 UTC 2024"
	OSPlatform="x86_64"
	Is64Bits="1"
	VendorString="GenuineIntel"
	VendorID="Intel Corporation"
	FamilyID="6"
	ModelID="78"
	ProcessorCacheSize="4096"
	NumberOfLogicalCPU="4"
	NumberOfPhysicalCPU="2"
	TotalVirtualMemory="2047"
	TotalPhysicalMemory="15880"
	LogicalProcessorsPerPhysical="2"
	ProcessorClockFrequency="2782.03"
	>
	<Testing>
		<StartDateTime>Dec 11 08:11 UTC</StartDateTime>
		<StartTestTime>1733904693</StartTestTime>
		<TestList/>
		<EndDateTime>Dec 11 08:11 UTC</EndDateTime>
		<EndTestTime>1733904693</EndTestTime>
		<ElapsedMinutes>0</ElapsedMinutes>
	</Testing>
</Site>
